<?xml version="1.0" encoding="UTF-8"?>
<!-- Generated by org.testng.reporters.JUnitReportReporter -->
<testsuite hostname="QZ-LT-210" failures="0" tests="1" name="com.qualizeal.testng.Test1" time="0.011" errors="0" timestamp="2024-12-19T17:18:11 IST" skipped="0">
  <testcase classname="com.qualizeal.testng.Test1" name="test1" time="0.011"/>
</testsuite> <!-- com.qualizeal.testng.Test1 -->
