<?xml version="1.0" encoding="UTF-8"?>
<!-- Generated by org.testng.reporters.JUnitReportReporter -->
<testsuite hostname="QZ-LT-210" failures="0" tests="4" name="com.qualizeal.testng.ReadExcelData" time="0.012" errors="0" timestamp="2024-12-20T12:29:45 IST" skipped="0">
  <testcase classname="com.qualizeal.testng.ReadExcelData" name="testData" time="0.008"/>
  <system-out/>
  <testcase classname="com.qualizeal.testng.ReadExcelData" name="testData" time="0.001"/>
  <system-out/>
  <testcase classname="com.qualizeal.testng.ReadExcelData" name="testData" time="0.002"/>
  <system-out/>
  <testcase classname="com.qualizeal.testng.ReadExcelData" name="testData" time="0.001"/>
  <system-out/>
</testsuite> <!-- com.qualizeal.testng.ReadExcelData -->
