<?xml version="1.0" encoding="UTF-8"?>
<!-- Generated by org.testng.reporters.JUnitReportReporter -->
<testsuite hostname="DESKTOP-KAU325G" failures="0" tests="20" name="com.qualizeal.maintest.MainClass" time="324.572" errors="0" timestamp="2025-01-02T14:02:45 IST" skipped="0">
  <testcase classname="com.qualizeal.maintest.MainClass" name="fillForm" time="15.929"/>
  <system-out/>
  <testcase classname="com.qualizeal.maintest.MainClass" name="fillForm" time="16.001"/>
  <system-out/>
  <testcase classname="com.qualizeal.maintest.MainClass" name="fillForm" time="15.778"/>
  <system-out/>
  <testcase classname="com.qualizeal.maintest.MainClass" name="fillForm" time="16.359"/>
  <system-out/>
  <testcase classname="com.qualizeal.maintest.MainClass" name="fillForm" time="17.300"/>
  <system-out/>
  <testcase classname="com.qualizeal.maintest.MainClass" name="fillForm" time="16.686"/>
  <system-out/>
  <testcase classname="com.qualizeal.maintest.MainClass" name="fillForm" time="17.081"/>
  <system-out/>
  <testcase classname="com.qualizeal.maintest.MainClass" name="fillForm" time="16.267"/>
  <system-out/>
  <testcase classname="com.qualizeal.maintest.MainClass" name="fillForm" time="15.859"/>
  <system-out/>
  <testcase classname="com.qualizeal.maintest.MainClass" name="fillForm" time="16.079"/>
  <system-out/>
  <testcase classname="com.qualizeal.maintest.MainClass" name="fillForm" time="15.851"/>
  <system-out/>
  <testcase classname="com.qualizeal.maintest.MainClass" name="fillForm" time="16.316"/>
  <system-out/>
  <testcase classname="com.qualizeal.maintest.MainClass" name="fillForm" time="15.394"/>
  <system-out/>
  <testcase classname="com.qualizeal.maintest.MainClass" name="fillForm" time="15.307"/>
  <system-out/>
  <testcase classname="com.qualizeal.maintest.MainClass" name="fillForm" time="15.510"/>
  <system-out/>
  <testcase classname="com.qualizeal.maintest.MainClass" name="fillForm" time="16.525"/>
  <system-out/>
  <testcase classname="com.qualizeal.maintest.MainClass" name="fillForm" time="15.750"/>
  <system-out/>
  <testcase classname="com.qualizeal.maintest.MainClass" name="fillForm" time="17.400"/>
  <system-out/>
  <testcase classname="com.qualizeal.maintest.MainClass" name="fillForm" time="17.170"/>
  <system-out/>
  <testcase classname="com.qualizeal.maintest.MainClass" name="fillForm" time="16.010"/>
  <system-out/>
</testsuite> <!-- com.qualizeal.maintest.MainClass -->
