<?xml version="1.0" encoding="UTF-8"?>
<!-- Generated by org.testng.reporters.JUnitReportReporter -->
<testsuite hostname="QZ-LT-210" failures="0" tests="4" name="com.qualizeal.testngframework.RegistrationForm" time="0.010" errors="0" timestamp="2024-12-20T14:03:26 IST" skipped="0">
  <testcase classname="com.qualizeal.testngframework.RegistrationForm" name="testData" time="0.007"/>
  <system-out/>
  <testcase classname="com.qualizeal.testngframework.RegistrationForm" name="testData" time="0.001"/>
  <system-out/>
  <testcase classname="com.qualizeal.testngframework.RegistrationForm" name="testData" time="0.001"/>
  <system-out/>
  <testcase classname="com.qualizeal.testngframework.RegistrationForm" name="testData" time="0.001"/>
  <system-out/>
</testsuite> <!-- com.qualizeal.testngframework.RegistrationForm -->
